0 info it worked if it ends with ok
1 verbose cli [ '/Users/acomitevski/.nvm/v0.10.36/bin/node',
1 verbose cli   '/Users/acomitevski/.nvm/v0.10.36/bin/npm',
1 verbose cli   'publish' ]
2 info using npm@1.4.28
3 info using node@v0.10.36
4 verbose publish [ '.' ]
5 verbose cache add [ '.', null ]
6 verbose cache add name=undefined spec="." args=[".",null]
7 verbose parsed url { protocol: null,
7 verbose parsed url   slashes: null,
7 verbose parsed url   auth: null,
7 verbose parsed url   host: null,
7 verbose parsed url   port: null,
7 verbose parsed url   hostname: null,
7 verbose parsed url   hash: null,
7 verbose parsed url   search: null,
7 verbose parsed url   query: null,
7 verbose parsed url   pathname: '.',
7 verbose parsed url   path: '.',
7 verbose parsed url   href: '.' }
8 silly lockFile 3a52ce78- .
9 verbose lock . /Users/acomitevski/.npm/3a52ce78-.lock
10 verbose tar pack [ '/Users/acomitevski/.npm/combined-slugify/1.0.0/package.tgz',
10 verbose tar pack   '.' ]
11 verbose tarball /Users/acomitevski/.npm/combined-slugify/1.0.0/package.tgz
12 verbose folder .
13 info prepublish combined-slugify@1.0.0
14 silly lockFile 1f1177db-tar tar://.
15 verbose lock tar://. /Users/acomitevski/.npm/1f1177db-tar.lock
16 silly lockFile d5c96a0f-mbined-slugify-1-0-0-package-tgz tar:///Users/acomitevski/.npm/combined-slugify/1.0.0/package.tgz
17 verbose lock tar:///Users/acomitevski/.npm/combined-slugify/1.0.0/package.tgz /Users/acomitevski/.npm/d5c96a0f-mbined-slugify-1-0-0-package-tgz.lock
18 silly lockFile 1f1177db-tar tar://.
19 silly lockFile 1f1177db-tar tar://.
20 silly lockFile d5c96a0f-mbined-slugify-1-0-0-package-tgz tar:///Users/acomitevski/.npm/combined-slugify/1.0.0/package.tgz
21 silly lockFile d5c96a0f-mbined-slugify-1-0-0-package-tgz tar:///Users/acomitevski/.npm/combined-slugify/1.0.0/package.tgz
22 silly lockFile b3a9d024-m-combined-slugify-1-0-0-package /Users/acomitevski/.npm/combined-slugify/1.0.0/package
23 verbose lock /Users/acomitevski/.npm/combined-slugify/1.0.0/package /Users/acomitevski/.npm/b3a9d024-m-combined-slugify-1-0-0-package.lock
24 silly lockFile b3a9d024-m-combined-slugify-1-0-0-package /Users/acomitevski/.npm/combined-slugify/1.0.0/package
25 silly lockFile b3a9d024-m-combined-slugify-1-0-0-package /Users/acomitevski/.npm/combined-slugify/1.0.0/package
26 silly lockFile 3a52ce78- .
27 silly lockFile 3a52ce78- .
28 silly publish { name: 'combined-slugify',
28 silly publish   version: '1.0.0',
28 silly publish   description: 'Combine multiple slugifiers to get a better result',
28 silly publish   main: 'slugify.js',
28 silly publish   scripts: { test: 'mocha slugify.test.js' },
28 silly publish   keywords: [ 'slugify', 'nodejs' ],
28 silly publish   author: { name: 'Aco Mitevski' },
28 silly publish   license: 'MIT',
28 silly publish   repository:
28 silly publish    { type: 'git',
28 silly publish      url: 'https://github.com/amitevski/combined-slugify.git' },
28 silly publish   dependencies: { slug: '0.9.1', transliteration: '0.1.1' },
28 silly publish   devDependencies: { expect: '1.13.3', mocha: '2.3.4' },
28 silly publish   bugs: { url: 'https://github.com/amitevski/combined-slugify/issues' },
28 silly publish   readme: '# Combined Slugify\n\nThis module creates a slug by utilizing 2 other libraries.\n  - [node-slug](https://github.com/dodo/node-slug) for transforming utf8 symbols\n  - [node-transliteration](https://github.com/andyhu/node-transliteration) for transliterating special language characters like arabic, chinese, cyrillic...\n\n## Install\n\n```\nnpm install combined-slugify\n```\n\n## Usage\n\n__Example__\n```javascript\nvar slugify = require(\'combined-slugify\');\nslugify(\'i ♥ unicode\');\n// > i-love-unicode\n\nslugify(\'你好，世界\');\n// > ni-hao-shi-jie\n```\n\n\n## Running Tests\n```\nnpm test\n```',
28 silly publish   readmeFilename: 'README.md',
28 silly publish   gitHead: '217745beec41ee8f639d066938e0b571fdfec4f3',
28 silly publish   homepage: 'https://github.com/amitevski/combined-slugify',
28 silly publish   _id: 'combined-slugify@1.0.0',
28 silly publish   _shasum: '522e4ae38ec19d8be919b772339b2e82e82ca534',
28 silly publish   _from: '.' }
29 verbose request where is /combined-slugify
30 verbose request registry https://registry.npmjs.org/
31 verbose request id 4d80a8b5e620e604
32 verbose url raw /combined-slugify
33 verbose url resolving [ 'https://registry.npmjs.org/', './combined-slugify' ]
34 verbose url resolved https://registry.npmjs.org/combined-slugify
35 verbose request where is https://registry.npmjs.org/combined-slugify
36 info trying registry request attempt 1 at 16:49:45
37 http PUT https://registry.npmjs.org/combined-slugify
38 http 403 https://registry.npmjs.org/combined-slugify
39 verbose headers { 'content-type': 'application/json',
39 verbose headers   'cache-control': 'max-age=300',
39 verbose headers   'content-length': '95',
39 verbose headers   'accept-ranges': 'bytes',
39 verbose headers   date: 'Wed, 16 Dec 2015 15:49:47 GMT',
39 verbose headers   via: '1.1 varnish',
39 verbose headers   connection: 'keep-alive',
39 verbose headers   'x-served-by': 'cache-fra1243-FRA',
39 verbose headers   'x-cache': 'MISS',
39 verbose headers   'x-cache-hits': '0',
39 verbose headers   'x-timer': 'S1450280985.659235,VS0,VE1578' }
40 error publish Failed PUT 403
41 error Error: "You cannot publish over the previously published version 1.0.0." : combined-slugify
41 error     at RegClient.<anonymous> (/Users/acomitevski/.nvm/v0.10.36/lib/node_modules/npm/node_modules/npm-registry-client/lib/request.js:308:14)
41 error     at Request._callback (/Users/acomitevski/.nvm/v0.10.36/lib/node_modules/npm/node_modules/npm-registry-client/lib/request.js:246:65)
41 error     at Request.self.callback (/Users/acomitevski/.nvm/v0.10.36/lib/node_modules/npm/node_modules/request/request.js:236:22)
41 error     at Request.emit (events.js:98:17)
41 error     at Request.<anonymous> (/Users/acomitevski/.nvm/v0.10.36/lib/node_modules/npm/node_modules/request/request.js:1142:14)
41 error     at Request.emit (events.js:117:20)
41 error     at IncomingMessage.<anonymous> (/Users/acomitevski/.nvm/v0.10.36/lib/node_modules/npm/node_modules/request/request.js:1096:12)
41 error     at IncomingMessage.emit (events.js:117:20)
41 error     at _stream_readable.js:944:16
41 error     at process._tickCallback (node.js:442:13)
42 error If you need help, you may report this *entire* log,
42 error including the npm and node versions, at:
42 error     <http://github.com/npm/npm/issues>
43 error System Darwin 14.5.0
44 error command "/Users/acomitevski/.nvm/v0.10.36/bin/node" "/Users/acomitevski/.nvm/v0.10.36/bin/npm" "publish"
45 error cwd /Users/acomitevski/code/github/combined-slugify
46 error node -v v0.10.36
47 error npm -v 1.4.28
48 verbose exit [ 1, true ]
